C:\SU\CSE687\CODE\READFILES\DEBUG\READFILES.EXE
C:\SU\CSE687\CODE\READFILES\DEBUG\READFILES.ILK
C:\SU\CSE687\CODE\READFILES\DEBUG\READFILES.PDB
C:\su\CSE687\code\ReadFiles\ReadFiles\Debug\cl.command.1.tlog
C:\su\CSE687\code\ReadFiles\ReadFiles\Debug\CL.read.1.tlog
C:\su\CSE687\code\ReadFiles\ReadFiles\Debug\CL.write.1.tlog
C:\su\CSE687\code\ReadFiles\ReadFiles\Debug\link.5020.read.1.tlog
C:\su\CSE687\code\ReadFiles\ReadFiles\Debug\link.5020.write.1.tlog
C:\su\CSE687\code\ReadFiles\ReadFiles\Debug\link.5020-cvtres.read.1.tlog
C:\su\CSE687\code\ReadFiles\ReadFiles\Debug\link.5020-cvtres.write.1.tlog
C:\su\CSE687\code\ReadFiles\ReadFiles\Debug\link.5568.read.1.tlog
C:\su\CSE687\code\ReadFiles\ReadFiles\Debug\link.5568.write.1.tlog
C:\su\CSE687\code\ReadFiles\ReadFiles\Debug\link.5568-cvtres.read.1.tlog
C:\su\CSE687\code\ReadFiles\ReadFiles\Debug\link.5568-cvtres.write.1.tlog
C:\su\CSE687\code\ReadFiles\ReadFiles\Debug\link.6016.read.1.tlog
C:\su\CSE687\code\ReadFiles\ReadFiles\Debug\link.6016.write.1.tlog
C:\su\CSE687\code\ReadFiles\ReadFiles\Debug\link.6016-cvtres.read.1.tlog
C:\su\CSE687\code\ReadFiles\ReadFiles\Debug\link.6016-cvtres.write.1.tlog
C:\su\CSE687\code\ReadFiles\ReadFiles\Debug\link.command.1.tlog
C:\su\CSE687\code\ReadFiles\ReadFiles\Debug\link.read.1.tlog
C:\su\CSE687\code\ReadFiles\ReadFiles\Debug\link.write.1.tlog
C:\su\CSE687\code\ReadFiles\ReadFiles\Debug\link-cvtres.read.1.tlog
C:\su\CSE687\code\ReadFiles\ReadFiles\Debug\link-cvtres.write.1.tlog
C:\su\CSE687\code\ReadFiles\ReadFiles\Debug\mt.command.1.tlog
C:\su\CSE687\code\ReadFiles\ReadFiles\Debug\mt.read.1.tlog
C:\su\CSE687\code\ReadFiles\ReadFiles\Debug\mt.write.1.tlog
C:\su\CSE687\code\ReadFiles\ReadFiles\Debug\rc.command.1.tlog
C:\su\CSE687\code\ReadFiles\ReadFiles\Debug\rc.read.1.tlog
C:\su\CSE687\code\ReadFiles\ReadFiles\Debug\rc.write.1.tlog
C:\SU\CSE687\CODE\READFILES\READFILES\DEBUG\READFILES.EXE.EMBED.MANIFEST
C:\SU\CSE687\CODE\READFILES\READFILES\DEBUG\READFILES.EXE.EMBED.MANIFEST.RES
C:\SU\CSE687\CODE\READFILES\READFILES\DEBUG\READFILES.EXE.INTERMEDIATE.MANIFEST
C:\SU\CSE687\CODE\READFILES\READFILES\DEBUG\READFILES.OBJ
C:\su\CSE687\code\ReadFiles\ReadFiles\Debug\ReadFiles_manifest.rc
C:\su\CSE687\code\ReadFiles\ReadFiles\Debug\vc100.idb
C:\SU\CSE687\CODE\READFILES\READFILES\DEBUG\VC100.PDB
C:\TEMP\READFILES\DEBUG\READFILES.EXE
C:\TEMP\READFILES\DEBUG\READFILES.ILK
C:\TEMP\READFILES\DEBUG\READFILES.PDB
C:\TEMP\READFILES\READFILES\DEBUG\READFILES.EXE.EMBED.MANIFEST
C:\TEMP\READFILES\READFILES\DEBUG\READFILES.EXE.EMBED.MANIFEST.RES
C:\TEMP\READFILES\READFILES\DEBUG\READFILES.EXE.INTERMEDIATE.MANIFEST
C:\TEMP\READFILES\READFILES\DEBUG\READFILES.OBJ
C:\TEMP\READFILES\READFILES\DEBUG\VC100.PDB
